{"total": {"lines":{"total":347,"covered":313,"skipped":0,"pct":90.2},"statements":{"total":347,"covered":313,"skipped":0,"pct":90.2},"functions":{"total":55,"covered":52,"skipped":0,"pct":94.54},"branches":{"total":74,"covered":32,"skipped":0,"pct":43.24},"branchesTrue":{"total":0,"covered":0,"skipped":0,"pct":"Unknown"}}
,"/home/mrrobin/dbwebb-kurser/pulse/src/utils/dateUtil.js": {"lines":{"total":26,"covered":15,"skipped":0,"pct":57.69},"functions":{"total":5,"covered":5,"skipped":0,"pct":100},"statements":{"total":26,"covered":15,"skipped":0,"pct":57.69},"branches":{"total":20,"covered":4,"skipped":0,"pct":20}}
,"/home/mrrobin/dbwebb-kurser/pulse/src/utils/dbUtil.js": {"lines":{"total":312,"covered":289,"skipped":0,"pct":92.62},"functions":{"total":47,"covered":44,"skipped":0,"pct":93.61},"statements":{"total":312,"covered":289,"skipped":0,"pct":92.62},"branches":{"total":54,"covered":28,"skipped":0,"pct":51.85}}
,"/home/mrrobin/dbwebb-kurser/pulse/src/utils/hashUtil.js": {"lines":{"total":9,"covered":9,"skipped":0,"pct":100},"functions":{"total":3,"covered":3,"skipped":0,"pct":100},"statements":{"total":9,"covered":9,"skipped":0,"pct":100},"branches":{"total":0,"covered":0,"skipped":0,"pct":100}}
}
