{"total": {"lines":{"total":393,"covered":330,"skipped":0,"pct":83.96},"statements":{"total":393,"covered":330,"skipped":0,"pct":83.96},"functions":{"total":66,"covered":54,"skipped":0,"pct":81.81},"branches":{"total":79,"covered":45,"skipped":0,"pct":56.96},"branchesTrue":{"total":0,"covered":0,"skipped":0,"pct":"Unknown"}}
,"/home/mrrobin/dbwebb-kurser/pulse/src/utils/dateUtil.js": {"lines":{"total":32,"covered":26,"skipped":0,"pct":81.25},"functions":{"total":9,"covered":6,"skipped":0,"pct":66.66},"statements":{"total":32,"covered":26,"skipped":0,"pct":81.25},"branches":{"total":20,"covered":16,"skipped":0,"pct":80}}
,"/home/mrrobin/dbwebb-kurser/pulse/src/utils/dbUtil.js": {"lines":{"total":352,"covered":295,"skipped":0,"pct":83.8},"functions":{"total":54,"covered":45,"skipped":0,"pct":83.33},"statements":{"total":352,"covered":295,"skipped":0,"pct":83.8},"branches":{"total":59,"covered":29,"skipped":0,"pct":49.15}}
,"/home/mrrobin/dbwebb-kurser/pulse/src/utils/hashUtil.js": {"lines":{"total":9,"covered":9,"skipped":0,"pct":100},"functions":{"total":3,"covered":3,"skipped":0,"pct":100},"statements":{"total":9,"covered":9,"skipped":0,"pct":100},"branches":{"total":0,"covered":0,"skipped":0,"pct":100}}
}
